<?xml version="1.0" encoding="UTF-8"?>
<!-- Generated by org.testng.reporters.JUnitReportReporter -->
<testsuite skipped="0" hostname="EHS-QNY-W0622WP" name="com.loadTCMIP.LoadTCMIP" tests="1" failures="0" timestamp="2022-04-27T09:41:27 EDT" time="11.588" errors="0">
  <testcase name="enterTC" time="11.588" classname="com.loadTCMIP.LoadTCMIP"/>
  <system-out/>
</testsuite> <!-- com.loadTCMIP.LoadTCMIP -->
