<?xml version="1.0" encoding="UTF-8"?>
<!-- Generated by org.testng.reporters.JUnitReportReporter -->
<testsuite hostname="MAH-5CD1431VK3" failures="0" tests="1" name="loadTCMIP.LoadTCMIP" time="51.749" errors="0" timestamp="2024-11-15T11:09:44 EST" skipped="0">
  <testcase classname="loadTCMIP.LoadTCMIP" name="enterTC" time="51.749"/>
  <system-out/>
</testsuite> <!-- loadTCMIP.LoadTCMIP -->
