<?xml version="1.0" encoding="UTF-8"?>
<!-- Generated by org.testng.reporters.JUnitReportReporter -->
<testsuite hostname="MAH-5CD1431VK3" failures="0" tests="1" name="loadTCMIP.LoadTCMIP" time="10.689" errors="0" timestamp="2024-09-27T12:18:51 EDT" skipped="0">
  <testcase classname="loadTCMIP.LoadTCMIP" name="enterTC" time="10.689"/>
  <system-out/>
</testsuite> <!-- loadTCMIP.LoadTCMIP -->
